<?xml version="1.0" encoding="UTF-8"?>
<!-- Generated by org.testng.reporters.JUnitXMLReporter -->
<testsuite hostname="DESKTOP-N6DE94U" name="junittest_dao.NhanVienDAO" tests="2" failures="2" timestamp="20 Dec 2019 00:12:29 GMT" time="1.424" errors="0">
  <testcase name="testListNhanVien on testListNhanVien(junittest_dao.NhanVienDAO)" time="0.016" classname="junittest_dao.NhanVienDAO">
    <failure type="java.lang.UnsupportedOperationException" message="Not supported yet.">
      <![CDATA[java.lang.UnsupportedOperationException: Not supported yet.
	at junittest_dao.NhanVienDAO.getList(NhanVienDAO.java:26)
	at junittest_dao.NhanVienDAO.testListNhanVien(NhanVienDAO.java:41)
	at org.junit.runners.model.FrameworkMethod$1.runReflectiveCall(FrameworkMethod.java:50)
	at org.junit.internal.runners.model.ReflectiveCallable.run(ReflectiveCallable.java:12)
	at org.junit.runners.model.FrameworkMethod.invokeExplosively(FrameworkMethod.java:47)
	at org.junit.internal.runners.statements.InvokeMethod.evaluate(InvokeMethod.java:17)
	at org.junit.internal.runners.statements.RunBefores.evaluate(RunBefores.java:26)
	at org.junit.internal.runners.statements.RunAfters.evaluate(RunAfters.java:27)
	at org.junit.runners.ParentRunner.runLeaf(ParentRunner.java:325)
	at org.junit.runners.BlockJUnit4ClassRunner.runChild(BlockJUnit4ClassRunner.java:78)
	at org.junit.runners.BlockJUnit4ClassRunner.runChild(BlockJUnit4ClassRunner.java:57)
	at org.junit.runners.ParentRunner$3.run(ParentRunner.java:290)
	at org.junit.runners.ParentRunner$1.schedule(ParentRunner.java:71)
	at org.junit.runners.ParentRunner.runChildren(ParentRunner.java:288)
	at org.junit.runners.ParentRunner.access$000(ParentRunner.java:58)
	at org.junit.runners.ParentRunner$2.evaluate(ParentRunner.java:268)
	at org.junit.internal.runners.statements.RunBefores.evaluate(RunBefores.java:26)
	at org.junit.internal.runners.statements.RunAfters.evaluate(RunAfters.java:27)
	at org.junit.runners.ParentRunner.run(ParentRunner.java:363)
	at org.junit.runner.JUnitCore.run(JUnitCore.java:137)
	at org.junit.runner.JUnitCore.run(JUnitCore.java:115)
... Removed 21 stack frames]]>
    </failure>
  </testcase> <!-- testListNhanVien on testListNhanVien(junittest_dao.NhanVienDAO) -->
  <testcase name="testIfConnectionNotNull on testIfConnectionNotNull(junittest_dao.NhanVienDAO)" time="1.277" classname="junittest_dao.NhanVienDAO">
    <failure type="java.lang.ClassCastException" message="com.mysql.jdbc.JDBC4Connection cannot be cast to connect.JDBCConnection">
      <![CDATA[java.lang.ClassCastException: com.mysql.jdbc.JDBC4Connection cannot be cast to connect.JDBCConnection
	at junittest_dao.NhanVienDAO.testIfConnectionNotNull(NhanVienDAO.java:35)
	at org.junit.runners.model.FrameworkMethod$1.runReflectiveCall(FrameworkMethod.java:50)
	at org.junit.internal.runners.model.ReflectiveCallable.run(ReflectiveCallable.java:12)
	at org.junit.runners.model.FrameworkMethod.invokeExplosively(FrameworkMethod.java:47)
	at org.junit.internal.runners.statements.InvokeMethod.evaluate(InvokeMethod.java:17)
	at org.junit.internal.runners.statements.RunBefores.evaluate(RunBefores.java:26)
	at org.junit.internal.runners.statements.RunAfters.evaluate(RunAfters.java:27)
	at org.junit.runners.ParentRunner.runLeaf(ParentRunner.java:325)
	at org.junit.runners.BlockJUnit4ClassRunner.runChild(BlockJUnit4ClassRunner.java:78)
	at org.junit.runners.BlockJUnit4ClassRunner.runChild(BlockJUnit4ClassRunner.java:57)
	at org.junit.runners.ParentRunner$3.run(ParentRunner.java:290)
	at org.junit.runners.ParentRunner$1.schedule(ParentRunner.java:71)
	at org.junit.runners.ParentRunner.runChildren(ParentRunner.java:288)
	at org.junit.runners.ParentRunner.access$000(ParentRunner.java:58)
	at org.junit.runners.ParentRunner$2.evaluate(ParentRunner.java:268)
	at org.junit.internal.runners.statements.RunBefores.evaluate(RunBefores.java:26)
	at org.junit.internal.runners.statements.RunAfters.evaluate(RunAfters.java:27)
	at org.junit.runners.ParentRunner.run(ParentRunner.java:363)
	at org.junit.runner.JUnitCore.run(JUnitCore.java:137)
	at org.junit.runner.JUnitCore.run(JUnitCore.java:115)
... Removed 21 stack frames]]>
    </failure>
  </testcase> <!-- testIfConnectionNotNull on testIfConnectionNotNull(junittest_dao.NhanVienDAO) -->
</testsuite> <!-- junittest_dao.NhanVienDAO -->
